<?xml version="1.0" encoding="UTF-8"?>
<!-- Generated by org.testng.reporters.JUnitReportReporter -->
<testsuite skipped="0" hostname="HOME-PC" name="script.Dummy" tests="1" failures="0" timestamp="23 Jun 2017 18:07:42 GMT" time="200.610" errors="0">
  <testcase name="Demo" time="200.610" classname="script.Dummy"/>
</testsuite> <!-- script.Dummy -->
