<?xml version="1.0" encoding="UTF-8"?>
<!-- Generated by org.testng.reporters.JUnitReportReporter -->
<testsuite skipped="0" hostname="HOME-PC" name="generic.Dummy" tests="2" failures="0" timestamp="24 Jun 2017 17:16:24 GMT" time="0.011" errors="0">
  <testcase name="TC1" time="0.010" classname="generic.Dummy"/>
  <testcase name="TC2" time="0.001" classname="generic.Dummy"/>
</testsuite> <!-- generic.Dummy -->
