<?xml version="1.0" encoding="UTF-8"?>
<!-- Generated by org.testng.reporters.JUnitReportReporter -->
<testsuite skipped="0" hostname="HOME-PC" name="script.Scrollby" tests="1" failures="0" timestamp="24 Jun 2017 15:43:42 GMT" time="22.356" errors="0">
  <testcase name="scroll" time="22.356" classname="script.Scrollby"/>
</testsuite> <!-- script.Scrollby -->
