<?xml version="1.0" encoding="UTF-8"?>
<!-- Generated by org.testng.reporters.JUnitReportReporter -->
<testsuite skipped="0" hostname="HOME-PC" name="script.Crossbrowser" tests="2" failures="0" timestamp="27 Jun 2017 05:55:24 GMT" time="30.699" errors="0">
  <testcase name="test1" time="12.060" classname="script.Crossbrowser"/>
  <testcase name="test1" time="18.639" classname="script.Crossbrowser"/>
</testsuite> <!-- script.Crossbrowser -->
