<?xml version="1.0" encoding="UTF-8"?>
<!-- Generated by org.testng.reporters.JUnitReportReporter -->
<testsuite skipped="0" hostname="HOME-PC" name="script.Handledisabledelement" tests="1" failures="0" timestamp="25 Jun 2017 10:43:58 GMT" time="8.360" errors="0">
  <testcase name="EleDisable" time="8.360" classname="script.Handledisabledelement"/>
</testsuite> <!-- script.Handledisabledelement -->
